<?xml version="1.0" encoding="UTF-8"?>
<!-- Generated by org.testng.reporters.JUnitReportReporter -->
<testsuite hostname="DESKTOP-LFVEGP4" failures="0" tests="1" name="testcases.T003EditLeadVerificaiton" time="48.549" errors="0" timestamp="2023-06-21T19:11:04 GMT-04:00" skipped="0">
  <testcase classname="testcases.T003EditLeadVerificaiton" name="runEdidLead" time="48.549"/>
  <system-out/>
</testsuite> <!-- testcases.T003EditLeadVerificaiton -->
