<?xml version="1.0" encoding="UTF-8"?>
<!-- Generated by org.testng.reporters.JUnitReportReporter -->
<testsuite hostname="DESKTOP-LFVEGP4" failures="0" tests="1" name="testcases.T005DuplicateLeadVerification" time="66.963" errors="0" timestamp="2023-06-20T17:33:47 GMT-04:00" skipped="0">
  <testcase classname="testcases.T005DuplicateLeadVerification" name="runDuplicateLead" time="66.963"/>
  <system-out/>
</testsuite> <!-- testcases.T005DuplicateLeadVerification -->
