<?xml version="1.0" encoding="UTF-8"?>
<!-- Generated by org.testng.reporters.JUnitReportReporter -->
<testsuite hostname="DESKTOP-LFVEGP4" failures="0" tests="1" name="testcases.T003EditLeadVerificaiton" time="46.003" errors="0" timestamp="2023-06-20T17:33:47 GMT-04:00" skipped="0">
  <testcase classname="testcases.T003EditLeadVerificaiton" name="runEdidLead" time="46.003"/>
  <system-out/>
</testsuite> <!-- testcases.T003EditLeadVerificaiton -->
