<?xml version="1.0" encoding="UTF-8"?>
<!-- Generated by org.testng.reporters.JUnitReportReporter -->
<testsuite hostname="DESKTOP-LFVEGP4" failures="0" tests="1" name="testcases.T006DeleteLeadVerification" time="35.993" errors="0" timestamp="2023-06-21T19:11:04 GMT-04:00" skipped="0">
  <testcase classname="testcases.T006DeleteLeadVerification" name="runDeleteLead" time="35.993"/>
  <system-out/>
</testsuite> <!-- testcases.T006DeleteLeadVerification -->
